<?xml version="1.0" encoding="UTF-8"?>
<testsuite name="InvoiceGeneratorTest" tests="2" skipped="0" failures="0" errors="0" timestamp="2020-04-16T06:37:08" hostname="balaji-Inspiron-5559" time="0.005">
  <properties/>
  <testcase name="whenGivenDistanceAndTime_ShouldReturnTotalFare" classname="InvoiceGeneratorTest" time="0.002"/>
  <testcase name="givenLessDistanceOrTime_ShouldReturnMinimumFare" classname="InvoiceGeneratorTest" time="0.001"/>
  <system-out><![CDATA[]]></system-out>
  <system-err><![CDATA[]]></system-err>
</testsuite>
