<?xml version="1.0" encoding="UTF-8"?>
<testsuite name="InvoiceGeneratorTest" tests="3" skipped="0" failures="0" errors="0" timestamp="2020-04-16T07:36:23" hostname="balaji-Inspiron-5559" time="0.004">
  <properties/>
  <testcase name="givenMultipleRides_ShouldReturnTotalFare" classname="InvoiceGeneratorTest" time="0.003"/>
  <testcase name="whenGivenDistanceAndTime_ShouldReturnTotalFare" classname="InvoiceGeneratorTest" time="0.001"/>
  <testcase name="givenLessDistanceOrTime_ShouldReturnMinimumFare" classname="InvoiceGeneratorTest" time="0.0"/>
  <system-out><![CDATA[]]></system-out>
  <system-err><![CDATA[]]></system-err>
</testsuite>
